<?xml version="1.0" encoding="UTF-8"?>
<!-- Generated by org.testng.reporters.JUnitReportReporter -->
<testsuite hostname="APT04-8C1GQN2" name="com.testng.TestNGBasics" tests="4" failures="0" timestamp="26 Dec 2018 13:01:19 GMT" time="0.005" errors="0">
  <testcase name="Test1" time="0.003" classname="com.testng.TestNGBasics"/>
  <testcase name="Test2" time="0.001" classname="com.testng.TestNGBasics"/>
  <testcase name="Test4" time="0.000" classname="com.testng.TestNGBasics"/>
  <testcase name="Test3" time="0.001" classname="com.testng.TestNGBasics"/>
</testsuite> <!-- com.testng.TestNGBasics -->
