<?xml version="1.0" encoding="UTF-8"?>
<!-- Generated by org.testng.reporters.JUnitReportReporter -->
<testsuite hostname="APT04-8C1GQN2" name="com.testng.InvocationCountTest" tests="2" failures="0" timestamp="26 Dec 2018 13:01:07 GMT" time="0.008" errors="0">
  <testcase name="Test" time="0.007" classname="com.testng.InvocationCountTest"/>
  <testcase name="Test" time="0.001" classname="com.testng.InvocationCountTest"/>
</testsuite> <!-- com.testng.InvocationCountTest -->
